<?xml version="1.0" encoding="UTF-8"?>
<testsuite name="agh.ics.oop.MapDirectionTest" tests="8" skipped="0" failures="0" errors="0" timestamp="2022-11-02T20:31:22" hostname="DESKTOP-SRFM3J0" time="0.004">
  <properties/>
  <testcase name="mapDirectionPrevious_whenMapDirectionEast_shouldReturnNorth()" classname="agh.ics.oop.MapDirectionTest" time="0.0"/>
  <testcase name="mapDirectionNext_whenMapDirectionNorth_shouldReturnEast()" classname="agh.ics.oop.MapDirectionTest" time="0.001"/>
  <testcase name="mapDirectionNext_whenMapDirectionWest_shouldReturnNorth()" classname="agh.ics.oop.MapDirectionTest" time="0.001"/>
  <testcase name="mapDirectionPrevious_whenMapDirectionNorth_shouldReturnWest()" classname="agh.ics.oop.MapDirectionTest" time="0.0"/>
  <testcase name="mapDirectionPrevious_whenMapDirectionWest_shouldReturnSouth()" classname="agh.ics.oop.MapDirectionTest" time="0.001"/>
  <testcase name="mapDirectionNext_whenMapDirectionSouth_shouldReturnWest()" classname="agh.ics.oop.MapDirectionTest" time="0.0"/>
  <testcase name="mapDirectionNext_whenMapDirectionEast_shouldReturnSouth()" classname="agh.ics.oop.MapDirectionTest" time="0.0"/>
  <testcase name="mapDirectionPrevious_whenMapDirectionSouth_shouldReturnEast()" classname="agh.ics.oop.MapDirectionTest" time="0.0"/>
  <system-out><![CDATA[]]></system-out>
  <system-err><![CDATA[]]></system-err>
</testsuite>
