<?xml version="1.0" encoding="UTF-8"?>
<testsuite name="agh.ics.oop.SimulationEngineTest" tests="1" skipped="0" failures="0" errors="0" timestamp="2022-11-09T09:00:09" hostname="DESKTOP-SRFM3J0" time="0.066">
  <properties/>
  <testcase name="runTest()" classname="agh.ics.oop.SimulationEngineTest" time="0.066"/>
  <system-out><![CDATA[ y\x  0 1 2 3 4 5 6 7 8 910
  6: -----------------------
  5: | | | | | | | | | | | |
  4: | | | |N| | | | | | | |
  3: | | |N| | | | | | | | |
  2: | | | | | | | | | | | |
  1: | | | | | | | | | | | |
  0: | | | | | | | | | | | |
 -1: -----------------------

 y\x  0 1 2 3 4 5 6 7 8 910
  6: -----------------------
  5: | | | | | | | | | | | |
  4: | | | | | | | | | | | |
  3: | | |N|N| | | | | | | |
  2: | | | | | | | | | | | |
  1: | | | | | | | | | | | |
  0: | | | | | | | | | | | |
 -1: -----------------------

 y\x  0 1 2 3 4 5 6 7 8 910
  6: -----------------------
  5: | | | | | | | | | | | |
  4: | | | | | | | | | | | |
  3: | | |E|N| | | | | | | |
  2: | | | | | | | | | | | |
  1: | | | | | | | | | | | |
  0: | | | | | | | | | | | |
 -1: -----------------------

 y\x  0 1 2 3 4 5 6 7 8 910
  6: -----------------------
  5: | | | | | | | | | | | |
  4: | | | | | | | | | | | |
  3: | | |E|W| | | | | | | |
  2: | | | | | | | | | | | |
  1: | | | | | | | | | | | |
  0: | | | | | | | | | | | |
 -1: -----------------------

 y\x  0 1 2 3 4 5 6 7 8 910
  6: -----------------------
  5: | | | | | | | | | | | |
  4: | | | | | | | | | | | |
  3: | | |E|N| | | | | | | |
  2: | | | | | | | | | | | |
  1: | | | | | | | | | | | |
  0: | | | | | | | | | | | |
 -1: -----------------------

 y\x  0 1 2 3 4 5 6 7 8 910
  6: -----------------------
  5: | | | | | | | | | | | |
  4: | | | | | | | | | | | |
  3: | | |E|W| | | | | | | |
  2: | | | | | | | | | | | |
  1: | | | | | | | | | | | |
  0: | | | | | | | | | | | |
 -1: -----------------------

 y\x  0 1 2 3 4 5 6 7 8 910
  6: -----------------------
  5: | | | | | | | | | | | |
  4: | | | | | | | | | | | |
  3: | | |E|W| | | | | | | |
  2: | | | | | | | | | | | |
  1: | | | | | | | | | | | |
  0: | | | | | | | | | | | |
 -1: -----------------------

 y\x  0 1 2 3 4 5 6 7 8 910
  6: -----------------------
  5: | | | | | | | | | | | |
  4: | | | | | | | | | | | |
  3: | | |E|W| | | | | | | |
  2: | | | | | | | | | | | |
  1: | | | | | | | | | | | |
  0: | | | | | | | | | | | |
 -1: -----------------------

 y\x  0 1 2 3 4 5 6 7 8 910
  6: -----------------------
  5: | | | | | | | | | | | |
  4: | | | | | | | | | | | |
  3: | | |E|N| | | | | | | |
  2: | | | | | | | | | | | |
  1: | | | | | | | | | | | |
  0: | | | | | | | | | | | |
 -1: -----------------------

 y\x  0 1 2 3 4 5 6 7 8 910
  6: -----------------------
  5: | | | | | | | | | | | |
  4: | | | | | | | | | | | |
  3: | | |E|E| | | | | | | |
  2: | | | | | | | | | | | |
  1: | | | | | | | | | | | |
  0: | | | | | | | | | | | |
 -1: -----------------------

 y\x  0 1 2 3 4 5 6 7 8 910
  6: -----------------------
  5: | | | | | | | | | | | |
  4: | | | | | | | | | | | |
  3: | | |E|N| | | | | | | |
  2: | | | | | | | | | | | |
  1: | | | | | | | | | | | |
  0: | | | | | | | | | | | |
 -1: -----------------------

 y\x  0 1 2 3 4 5 6 7 8 910
  6: -----------------------
  5: | | | | | | | | | | | |
  4: | | | | | | | | | | | |
  3: | | |E|W| | | | | | | |
  2: | | | | | | | | | | | |
  1: | | | | | | | | | | | |
  0: | | | | | | | | | | | |
 -1: -----------------------

 y\x  0 1 2 3 4 5 6 7 8 910
  6: -----------------------
  5: | | | | | | | | | | | |
  4: | | | | | | | | | | | |
  3: | | |S|W| | | | | | | |
  2: | | | | | | | | | | | |
  1: | | | | | | | | | | | |
  0: | | | | | | | | | | | |
 -1: -----------------------

 y\x  0 1 2 3 4 5 6 7 8 910
  6: -----------------------
  5: | | | | | | | | | | | |
  4: | | | | | | | | | | | |
  3: | | |S|N| | | | | | | |
  2: | | | | | | | | | | | |
  1: | | | | | | | | | | | |
  0: | | | | | | | | | | | |
 -1: -----------------------

 y\x  0 1 2 3 4 5 6 7 8 910
  6: -----------------------
  5: | | | | | | | | | | | |
  4: | | | | | | | | | | | |
  3: | | | |N| | | | | | | |
  2: | | |S| | | | | | | | |
  1: | | | | | | | | | | | |
  0: | | | | | | | | | | | |
 -1: -----------------------

 y\x  0 1 2 3 4 5 6 7 8 910
  6: -----------------------
  5: | | | | | | | | | | | |
  4: | | | |N| | | | | | | |
  3: | | | | | | | | | | | |
  2: | | |S| | | | | | | | |
  1: | | | | | | | | | | | |
  0: | | | | | | | | | | | |
 -1: -----------------------

 y\x  0 1 2 3 4 5 6 7 8 910
  6: -----------------------
  5: | | | | | | | | | | | |
  4: | | | |N| | | | | | | |
  3: | | | | | | | | | | | |
  2: | | |E| | | | | | | | |
  1: | | | | | | | | | | | |
  0: | | | | | | | | | | | |
 -1: -----------------------

 y\x  0 1 2 3 4 5 6 7 8 910
  6: -----------------------
  5: | | | | | | | | | | | |
  4: | | | |W| | | | | | | |
  3: | | | | | | | | | | | |
  2: | | |E| | | | | | | | |
  1: | | | | | | | | | | | |
  0: | | | | | | | | | | | |
 -1: -----------------------

 y\x  0 1 2 3 4 5 6 7 8 910
  6: -----------------------
  5: | | | | | | | | | | | |
  4: | | | |W| | | | | | | |
  3: | | | | | | | | | | | |
  2: | | |S| | | | | | | | |
  1: | | | | | | | | | | | |
  0: | | | | | | | | | | | |
 -1: -----------------------

 y\x  0 1 2 3 4 5 6 7 8 910
  6: -----------------------
  5: | | | | | | | | | | | |
  4: | | | |N| | | | | | | |
  3: | | | | | | | | | | | |
  2: | | |S| | | | | | | | |
  1: | | | | | | | | | | | |
  0: | | | | | | | | | | | |
 -1: -----------------------

 y\x  0 1 2 3 4 5 6 7 8 910
  6: -----------------------
  5: | | | | | | | | | | | |
  4: | | | |N| | | | | | | |
  3: | | | | | | | | | | | |
  2: | | | | | | | | | | | |
  1: | | |S| | | | | | | | |
  0: | | | | | | | | | | | |
 -1: -----------------------

 y\x  0 1 2 3 4 5 6 7 8 910
  6: -----------------------
  5: | | | |N| | | | | | | |
  4: | | | | | | | | | | | |
  3: | | | | | | | | | | | |
  2: | | | | | | | | | | | |
  1: | | |S| | | | | | | | |
  0: | | | | | | | | | | | |
 -1: -----------------------

 y\x  0 1 2 3 4 5 6 7 8 910
  6: -----------------------
  5: | | | |N| | | | | | | |
  4: | | | | | | | | | | | |
  3: | | | | | | | | | | | |
  2: | | | | | | | | | | | |
  1: | | |E| | | | | | | | |
  0: | | | | | | | | | | | |
 -1: -----------------------

 y\x  0 1 2 3 4 5 6 7 8 910
  6: -----------------------
  5: | | | |W| | | | | | | |
  4: | | | | | | | | | | | |
  3: | | | | | | | | | | | |
  2: | | | | | | | | | | | |
  1: | | |E| | | | | | | | |
  0: | | | | | | | | | | | |
 -1: -----------------------

 y\x  0 1 2 3 4 5 6 7 8 910
  6: -----------------------
  5: | | | |W| | | | | | | |
  4: | | | | | | | | | | | |
  3: | | | | | | | | | | | |
  2: | | | | | | | | | | | |
  1: | | |S| | | | | | | | |
  0: | | | | | | | | | | | |
 -1: -----------------------

 y\x  0 1 2 3 4 5 6 7 8 910
  6: -----------------------
  5: | | | |N| | | | | | | |
  4: | | | | | | | | | | | |
  3: | | | | | | | | | | | |
  2: | | | | | | | | | | | |
  1: | | |S| | | | | | | | |
  0: | | | | | | | | | | | |
 -1: -----------------------

 y\x  0 1 2 3 4 5 6 7 8 910
  6: -----------------------
  5: | | | |N| | | | | | | |
  4: | | | | | | | | | | | |
  3: | | | | | | | | | | | |
  2: | | | | | | | | | | | |
  1: | | | | | | | | | | | |
  0: | | |S| | | | | | | | |
 -1: -----------------------

 y\x  0 1 2 3 4 5 6 7 8 910
  6: -----------------------
  5: | | | |N| | | | | | | |
  4: | | | | | | | | | | | |
  3: | | | | | | | | | | | |
  2: | | | | | | | | | | | |
  1: | | | | | | | | | | | |
  0: | | |S| | | | | | | | |
 -1: -----------------------

 y\x  0 1 2 3 4 5 6 7 8 910
  6: -----------------------
  5: | | | |N| | | | | | | |
  4: | | | | | | | | | | | |
  3: | | | | | | | | | | | |
  2: | | | | | | | | | | | |
  1: | | | | | | | | | | | |
  0: | | |E| | | | | | | | |
 -1: -----------------------

 y\x  0 1 2 3 4 5 6 7 8 910
  6: -----------------------
  5: | | | |W| | | | | | | |
  4: | | | | | | | | | | | |
  3: | | | | | | | | | | | |
  2: | | | | | | | | | | | |
  1: | | | | | | | | | | | |
  0: | | |E| | | | | | | | |
 -1: -----------------------

 y\x  0 1 2 3 4 5 6 7 8 910
  6: -----------------------
  5: | | | |W| | | | | | | |
  4: | | | | | | | | | | | |
  3: | | | | | | | | | | | |
  2: | | | | | | | | | | | |
  1: | | | | | | | | | | | |
  0: | | |S| | | | | | | | |
 -1: -----------------------

 y\x  0 1 2 3 4 5 6 7 8 910
  6: -----------------------
  5: | | | |N| | | | | | | |
  4: | | | | | | | | | | | |
  3: | | | | | | | | | | | |
  2: | | | | | | | | | | | |
  1: | | | | | | | | | | | |
  0: | | |S| | | | | | | | |
 -1: -----------------------

 y\x  0 1 2 3 4 5 6 7 8 910
  6: -----------------------
  5: | | | |N| | | | | | | |
  4: | | | | | | | | | | | |
  3: | | | | | | | | | | | |
  2: | | | | | | | | | | | |
  1: | | | | | | | | | | | |
  0: | | |S| | | | | | | | |
 -1: -----------------------

 y\x  0 1 2 3 4 5 6 7 8 910
  6: -----------------------
  5: | | | |N| | | | | | | |
  4: | | | | | | | | | | | |
  3: | | | | | | | | | | | |
  2: | | | | | | | | | | | |
  1: | | | | | | | | | | | |
  0: | | |S| | | | | | | | |
 -1: -----------------------

[(2,2), (3,4), (2,3), (3,3), (2,3), (3,3), (2,3), (3,3), (2,3), (3,3), (2,2), (3,4), (2,1), (3,5), (2,0), (3,5), (2,0), (3,5)]
[(2,2), (3,4), (2,3), (3,3), (2,3), (3,3), (2,3), (3,3), (2,3), (3,3), (2,2), (3,4), (2,1), (3,5), (2,0), (3,5), (2,0), (3,5)]
]]></system-out>
  <system-err><![CDATA[]]></system-err>
</testsuite>
