<?xml version="1.0" encoding="UTF-8"?>
<testsuite name="agh.ics.oop.Vector2dTest" tests="41" skipped="0" failures="0" errors="0" timestamp="2022-10-14T20:07:16" hostname="DESKTOP-SRFM3J0" time="0.046">
  <properties/>
  <testcase name="VectorAdd_Whenx1y1x0y_10_ShouldReturnx1y_9()" classname="agh.ics.oop.Vector2dTest" time="0.016"/>
  <testcase name="VectorEqual_Whenx1y1x1y1_ShouldReturnTrue()" classname="agh.ics.oop.Vector2dTest" time="0.0"/>
  <testcase name="VectorPrecedes_Whenx1y1x0y0_ShouldReturnFalse()" classname="agh.ics.oop.Vector2dTest" time="0.001"/>
  <testcase name="VectorToString_Whenx1y1_ShouldReturn1_1InBrackets()" classname="agh.ics.oop.Vector2dTest" time="0.003"/>
  <testcase name="VectorUpperRight_Whenx1y1x2y2_ShouldReturnx2y2()" classname="agh.ics.oop.Vector2dTest" time="0.0"/>
  <testcase name="VectorFollows_Whenx1y1x1y1_ShouldReturnTrue()" classname="agh.ics.oop.Vector2dTest" time="0.001"/>
  <testcase name="VectorOpposite_WhenNegative_ShouldReturnPositive()" classname="agh.ics.oop.Vector2dTest" time="0.0"/>
  <testcase name="VectorSubstract_Whenx1y1x0y10_ShouldReturnx1y_9()" classname="agh.ics.oop.Vector2dTest" time="0.001"/>
  <testcase name="VectorAdd_Whenx1y1x0y10_ShouldReturnx1y11()" classname="agh.ics.oop.Vector2dTest" time="0.0"/>
  <testcase name="VectorAdd_Whenx1y1x_5y10_ShouldReturnx_4y11()" classname="agh.ics.oop.Vector2dTest" time="0.001"/>
  <testcase name="VectorUpperRight_Whenx1y1x_1y_1_ShouldReturnx1y1()" classname="agh.ics.oop.Vector2dTest" time="0.0"/>
  <testcase name="VectorAdd_Whenx1y1x0y0_ShouldReturnx1y1()" classname="agh.ics.oop.Vector2dTest" time="0.001"/>
  <testcase name="VectorPrecedes_Whenx1y1x2y2_ShouldReturnTrue()" classname="agh.ics.oop.Vector2dTest" time="0.0"/>
  <testcase name="VectorUpperRight_Whenx1y1x0y2_ShouldReturnx1y2()" classname="agh.ics.oop.Vector2dTest" time="0.001"/>
  <testcase name="VectorSubstract_Whenx1y1x10y0_ShouldReturnx_9y1()" classname="agh.ics.oop.Vector2dTest" time="0.001"/>
  <testcase name="VectorLowerLeft_Whenx1y1x0y2_ShouldReturnx0y1()" classname="agh.ics.oop.Vector2dTest" time="0.001"/>
  <testcase name="VectorLowerLeft_Whenx1y1x3y5_ShouldReturnx1y1()" classname="agh.ics.oop.Vector2dTest" time="0.0"/>
  <testcase name="VectorUpperRight_Whenx1y1x2y1_ShouldReturnx2y1()" classname="agh.ics.oop.Vector2dTest" time="0.001"/>
  <testcase name="VectorAdd_Whenx1y1x10y0_ShouldReturnx11y1()" classname="agh.ics.oop.Vector2dTest" time="0.0"/>
  <testcase name="VectorPrecedes_Whenx1y1x1y2_ShouldReturnTrue()" classname="agh.ics.oop.Vector2dTest" time="0.001"/>
  <testcase name="VectorFollows_Whenx1y1x0y2_ShouldReturnFalse()" classname="agh.ics.oop.Vector2dTest" time="0.0"/>
  <testcase name="VectorUpperRight_Whenx1y1x1y1_ShouldReturnx1y1()" classname="agh.ics.oop.Vector2dTest" time="0.001"/>
  <testcase name="VectorFollows_Whenx1y1x1y2_ShouldReturnFalse()" classname="agh.ics.oop.Vector2dTest" time="0.0"/>
  <testcase name="VectorFollows_Whenx1y1x0y0_ShouldReturnTrue()" classname="agh.ics.oop.Vector2dTest" time="0.0"/>
  <testcase name="VectorLowerLeft_Whenx1y1x1y1_ShouldReturnx1y1()" classname="agh.ics.oop.Vector2dTest" time="0.0"/>
  <testcase name="VectorSubstract_Whenx1y1x0y_10_ShouldReturnx1y11()" classname="agh.ics.oop.Vector2dTest" time="0.001"/>
  <testcase name="VectorLowerLeft_Whenx1y1x_10y0_ShouldReturnx_10y0()" classname="agh.ics.oop.Vector2dTest" time="0.0"/>
  <testcase name="VectorFollows_Whenx1y1x2y2_ShouldReturnFalse()" classname="agh.ics.oop.Vector2dTest" time="0.001"/>
  <testcase name="VectorPrecedes_Whenx1y1x2y1_ShouldReturnTrue()" classname="agh.ics.oop.Vector2dTest" time="0.0"/>
  <testcase name="VectorOpposite_WhenZero_ShouldReturnZero()" classname="agh.ics.oop.Vector2dTest" time="0.0"/>
  <testcase name="VectorEqual_Whenx1y1AndSecondIsDiffrentObject_ShouldReturnFalse()" classname="agh.ics.oop.Vector2dTest" time="0.001"/>
  <testcase name="VectorSubstract_Whenx1y1x0y0_ShouldReturnx1y1()" classname="agh.ics.oop.Vector2dTest" time="0.001"/>
  <testcase name="VectorPrecedes_Whenx1y1x1y1_ShouldReturnTrue()" classname="agh.ics.oop.Vector2dTest" time="0.0"/>
  <testcase name="VectorPrecedes_Whenx1y1x0y2_ShouldReturnFalse()" classname="agh.ics.oop.Vector2dTest" time="0.001"/>
  <testcase name="VectorEqual_Whenx1y1AndSecondIsArrayOfVectorObject_ShouldReturnFalse()" classname="agh.ics.oop.Vector2dTest" time="0.0"/>
  <testcase name="VectorSubstract_Whenx1y1x_5y10_ShouldReturnx6y_9()" classname="agh.ics.oop.Vector2dTest" time="0.001"/>
  <testcase name="VectorOpposite_WhenPositive_ShouldReturnNegative()" classname="agh.ics.oop.Vector2dTest" time="0.0"/>
  <testcase name="VectorFollows_Whenx1y1x2y1_ShouldReturnFalse()" classname="agh.ics.oop.Vector2dTest" time="0.001"/>
  <testcase name="VectorLowerLeft_Whenx1y1x10y_2ShouldReturnx1y_2()" classname="agh.ics.oop.Vector2dTest" time="0.0"/>
  <testcase name="VectorEqual_Whenx1y1AndSecondIsNotAnObject_ShouldReturnFalse()" classname="agh.ics.oop.Vector2dTest" time="0.0"/>
  <testcase name="VectorEqual_Whenx1y1x1y0_ShouldReturnFalse()" classname="agh.ics.oop.Vector2dTest" time="0.001"/>
  <system-out><![CDATA[]]></system-out>
  <system-err><![CDATA[]]></system-err>
</testsuite>
